<?xml version="1.0" encoding="UTF-8"?>
<testng-results ignored="0" total="2" passed="2" failed="0" skipped="0">
  <reporter-output>
  </reporter-output>
  <suite started-at="2020-06-09T10:08:08 UTC" name="Command line suite" finished-at="2020-06-09T10:08:45 UTC" duration-ms="37587">
    <groups>
    </groups>
    <test started-at="2020-06-09T10:08:08 UTC" name="Command line test" finished-at="2020-06-09T10:08:45 UTC" duration-ms="37587">
      <class name="App">
        <test-method is-config="true" signature="beforetest()[pri:0, instance:App@cb51256]" started-at="2020-06-09T10:08:08 UTC" name="beforetest" finished-at="2020-06-09T10:08:17 UTC" duration-ms="9096" status="PASS">
          <reporter-output>
          </reporter-output>
        </test-method> <!-- beforetest -->
        <test-method is-config="true" signature="open()[pri:0, instance:App@cb51256]" started-at="2020-06-09T10:08:17 UTC" name="open" finished-at="2020-06-09T10:08:28 UTC" duration-ms="10835" status="PASS">
          <reporter-output>
          </reporter-output>
        </test-method> <!-- open -->
        <test-method signature="search()[pri:0, instance:App@cb51256]" started-at="2020-06-09T10:08:28 UTC" name="search" finished-at="2020-06-09T10:08:31 UTC" duration-ms="3270" status="PASS">
          <reporter-output>
          </reporter-output>
        </test-method> <!-- search -->
        <test-method is-config="true" signature="open()[pri:0, instance:App@cb51256]" started-at="2020-06-09T10:08:31 UTC" name="open" finished-at="2020-06-09T10:08:40 UTC" duration-ms="8763" status="PASS">
          <reporter-output>
          </reporter-output>
        </test-method> <!-- open -->
        <test-method signature="test()[pri:0, instance:App@cb51256]" started-at="2020-06-09T10:08:40 UTC" name="test" finished-at="2020-06-09T10:08:45 UTC" duration-ms="4556" status="PASS">
          <reporter-output>
          </reporter-output>
        </test-method> <!-- test -->
        <test-method is-config="true" signature="closen()[pri:0, instance:App@cb51256]" started-at="2020-06-09T10:08:45 UTC" name="closen" finished-at="2020-06-09T10:08:45 UTC" duration-ms="549" status="PASS">
          <reporter-output>
          </reporter-output>
        </test-method> <!-- closen -->
      </class> <!-- App -->
    </test> <!-- Command line test -->
  </suite> <!-- Command line suite -->
</testng-results>
